<?xml version="1.0" encoding="UTF-8"?>
<testng-results ignored="0" total="1" passed="1" failed="0" skipped="0">
  <reporter-output>
  </reporter-output>
  <suite started-at="2024-07-20T17:15:58 IST" name="Default suite" finished-at="2024-07-20T17:16:01 IST" duration-ms="2973">
    <groups>
    </groups>
    <test started-at="2024-07-20T17:15:58 IST" name="Default test" finished-at="2024-07-20T17:16:01 IST" duration-ms="2973">
      <class name="HashMapExcelDriven">
        <test-method signature="AddBook()[pri:0, instance:HashMapExcelDriven@5d7148e2]" started-at="2024-07-20T17:15:58 IST" name="AddBook" finished-at="2024-07-20T17:16:01 IST" duration-ms="2946" status="PASS">
          <reporter-output>
          </reporter-output>
        </test-method> <!-- AddBook -->
      </class> <!-- HashMapExcelDriven -->
    </test> <!-- Default test -->
  </suite> <!-- Default suite -->
</testng-results>
